<?xml version="1.0" encoding="UTF-8"?>
<testsuite xmlns:xsi="http://www.w3.org/2001/XMLSchema-instance" xsi:schemaLocation="https://maven.apache.org/surefire/maven-surefire-plugin/xsd/surefire-test-report.xsd" name="TestSuite" time="91.225" tests="10" errors="0" skipped="0" failures="2">
  <properties>
[...]
</properties>
  <testcase name="openRestaurantsHomePage" classname="smoke.MakeReservation" time="0.926"/>
  <testcase name="openRegistrationPage" classname="smoke.MakeReservation" time="0.297"/>
  <testcase name="populateRegistrationForm" classname="smoke.MakeReservation" time="0.54"/>
  <testcase name="checkUserIsRegistered" classname="smoke.MakeReservation" time="2.568"/>
  <testcase name="openUserDetails" classname="smoke.MakeReservation" time="0.272"/>
  <testcase name="logOut" classname="smoke.MakeReservation" time="0.689"/>
  <testcase name="openHomePage" classname="smoke.MakeReservation" time="0.634"/>
  <testcase name="loginToRestaurantsPage" classname="smoke.MakeReservation" time="20.152">
    <failure message="Unable to locate element: div[class=&apos;row&apos;] input[id=&apos;passwrd&apos;]&#10;For documentation on this error, please visit: http://seleniumhq.org/exceptions/no_such_element.html&#10;Build info: version: &apos;3.5.3&apos;, revision: &apos;a88d25fe6b&apos;, time: &apos;2017-08-29T12:42:44.417Z&apos;&#10;System info: host: &apos;MacBook-Pro-4.local&apos;, ip: &apos;fe80:0:0:0:1c31:af40:1916:98fe%en0&apos;, os.name: &apos;Mac OS X&apos;, os.arch: &apos;x86_64&apos;, os.version: &apos;10.14.6&apos;, java.version: &apos;1.8.0_221&apos;&#10;Driver info: org.openqa.selenium.firefox.FirefoxDriver&#10;Capabilities [{moz:profile=/var/folders/p1/vjsh9h7s04qc3rw_5fmktxd80000gp/T/rust_mozprofile.quxI8xz8lBQa, rotatable=false, moz:geckodriverVersion=0.24.0, timeouts={implicit=0, pageLoad=300000, script=30000}, pageLoadStrategy=normal, unhandledPromptBehavior=dismiss and notify, strictFileInteractability=false, moz:headless=false, platform=MAC, moz:accessibilityChecks=false, moz:useNonSpecCompliantPointerOrigin=false, acceptInsecureCerts=true, browserVersion=66.0.2, moz:shutdownTimeout=60000, platformVersion=18.7.0, moz:processID=35868, browserName=firefox, javascriptEnabled=true, platformName=MAC, setWindowRect=true, moz:webdriverClick=true}]&#10;Session ID: 520a0056-71b8-1448-b308-8a9f9f10e65b&#10;*** Element info: {Using=css selector, value=div[class=&apos;row&apos;] input[id=&apos;passwrd&apos;]}" type="org.openqa.selenium.NoSuchElementException">org.openqa.selenium.NoSuchElementException: 
Unable to locate element: div[class='row'] input[id='passwrd']
For documentation on this error, please visit: http://seleniumhq.org/exceptions/no_such_element.html
Build info: version: '3.5.3', revision: 'a88d25fe6b', time: '2017-08-29T12:42:44.417Z'
System info: host: 'MacBook-Pro-4.local', ip: 'fe80:0:0:0:1c31:af40:1916:98fe%en0', os.name: 'Mac OS X', os.arch: 'x86_64', os.version: '10.14.6', java.version: '1.8.0_221'
Driver info: org.openqa.selenium.firefox.FirefoxDriver
Capabilities [{moz:profile=/var/folders/p1/vjsh9h7s04qc3rw_5fmktxd80000gp/T/rust_mozprofile.quxI8xz8lBQa, rotatable=false, moz:geckodriverVersion=0.24.0, timeouts={implicit=0, pageLoad=300000, script=30000}, pageLoadStrategy=normal, unhandledPromptBehavior=dismiss and notify, strictFileInteractability=false, moz:headless=false, platform=MAC, moz:accessibilityChecks=false, moz:useNonSpecCompliantPointerOrigin=false, acceptInsecureCerts=true, browserVersion=66.0.2, moz:shutdownTimeout=60000, platformVersion=18.7.0, moz:processID=35868, browserName=firefox, javascriptEnabled=true, platformName=MAC, setWindowRect=true, moz:webdriverClick=true}]
Session ID: 520a0056-71b8-1448-b308-8a9f9f10e65b
*** Element info: {Using=css selector, value=div[class='row'] input[id='passwrd']}
	at smoke.MakeReservation.loginToRestaurantsPage(MakeReservation.java:71)
</failure>
  </testcase>
  <testcase name="checkUserLoginIsSuccessful" classname="smoke.MakeReservation" time="20.02">
    <failure message="Unable to locate element: #main &gt; div &gt; div &gt; h1&#10;For documentation on this error, please visit: http://seleniumhq.org/exceptions/no_such_element.html&#10;Build info: version: &apos;3.5.3&apos;, revision: &apos;a88d25fe6b&apos;, time: &apos;2017-08-29T12:42:44.417Z&apos;&#10;System info: host: &apos;MacBook-Pro-4.local&apos;, ip: &apos;fe80:0:0:0:1c31:af40:1916:98fe%en0&apos;, os.name: &apos;Mac OS X&apos;, os.arch: &apos;x86_64&apos;, os.version: &apos;10.14.6&apos;, java.version: &apos;1.8.0_221&apos;&#10;Driver info: org.openqa.selenium.firefox.FirefoxDriver&#10;Capabilities [{moz:profile=/var/folders/p1/vjsh9h7s04qc3rw_5fmktxd80000gp/T/rust_mozprofile.quxI8xz8lBQa, rotatable=false, moz:geckodriverVersion=0.24.0, timeouts={implicit=0, pageLoad=300000, script=30000}, pageLoadStrategy=normal, unhandledPromptBehavior=dismiss and notify, strictFileInteractability=false, moz:headless=false, platform=MAC, moz:accessibilityChecks=false, moz:useNonSpecCompliantPointerOrigin=false, acceptInsecureCerts=true, browserVersion=66.0.2, moz:shutdownTimeout=60000, platformVersion=18.7.0, moz:processID=35868, browserName=firefox, javascriptEnabled=true, platformName=MAC, setWindowRect=true, moz:webdriverClick=true}]&#10;Session ID: 520a0056-71b8-1448-b308-8a9f9f10e65b&#10;*** Element info: {Using=css selector, value=#main &gt; div &gt; div &gt; h1}" type="org.openqa.selenium.NoSuchElementException">org.openqa.selenium.NoSuchElementException: 
Unable to locate element: #main > div > div > h1
For documentation on this error, please visit: http://seleniumhq.org/exceptions/no_such_element.html
Build info: version: '3.5.3', revision: 'a88d25fe6b', time: '2017-08-29T12:42:44.417Z'
System info: host: 'MacBook-Pro-4.local', ip: 'fe80:0:0:0:1c31:af40:1916:98fe%en0', os.name: 'Mac OS X', os.arch: 'x86_64', os.version: '10.14.6', java.version: '1.8.0_221'
Driver info: org.openqa.selenium.firefox.FirefoxDriver
Capabilities [{moz:profile=/var/folders/p1/vjsh9h7s04qc3rw_5fmktxd80000gp/T/rust_mozprofile.quxI8xz8lBQa, rotatable=false, moz:geckodriverVersion=0.24.0, timeouts={implicit=0, pageLoad=300000, script=30000}, pageLoadStrategy=normal, unhandledPromptBehavior=dismiss and notify, strictFileInteractability=false, moz:headless=false, platform=MAC, moz:accessibilityChecks=false, moz:useNonSpecCompliantPointerOrigin=false, acceptInsecureCerts=true, browserVersion=66.0.2, moz:shutdownTimeout=60000, platformVersion=18.7.0, moz:processID=35868, browserName=firefox, javascriptEnabled=true, platformName=MAC, setWindowRect=true, moz:webdriverClick=true}]
Session ID: 520a0056-71b8-1448-b308-8a9f9f10e65b
*** Element info: {Using=css selector, value=#main > div > div > h1}
	at smoke.MakeReservation.checkUserLoginIsSuccessful(MakeReservation.java:76)
</failure>
  </testcase>
  <testcase name="openRestaurantsPage" classname="smoke.MakeReservation" time="0.49"/>
</testsuite>